==================
WARNING: ThreadSanitizer: lock-order-inversion (potential deadlock) (pid=14404)
  Cycle in lock order graph: M5 (0x7b1c00000028) => M9 (0x7b1c00000108) => M7 (0x7b1c00000098) => M5

  Mutex M9 acquired here while holding mutex M5 in thread T3:
    #0 pthread_mutex_lock ../../../../src/libsanitizer/sanitizer_common/sanitizer_common_interceptors.inc:4240 (libtsan.so.0+0x53908)
    #1 ft_philo /mnt/c/Users/salva/Downloads/philo/philo.c:48 (philo+0x1f9d)

    Hint: use TSAN_OPTIONS=second_deadlock_stack=1 to get more informative warning message

  Mutex M7 acquired here while holding mutex M9 in thread T1:
    #0 pthread_mutex_lock ../../../../src/libsanitizer/sanitizer_common/sanitizer_common_interceptors.inc:4240 (libtsan.so.0+0x53908)
    #1 ft_philo /mnt/c/Users/salva/Downloads/philo/philo.c:48 (philo+0x1f9d)

  Mutex M5 acquired here while holding mutex M7 in thread T2:
    #0 pthread_mutex_lock ../../../../src/libsanitizer/sanitizer_common/sanitizer_common_interceptors.inc:4240 (libtsan.so.0+0x53908)
    #1 ft_philo /mnt/c/Users/salva/Downloads/philo/philo.c:48 (philo+0x1f9d)

  Thread T3 (tid=14408, running) created by main thread at:
    #0 pthread_create ../../../../src/libsanitizer/tsan/tsan_interceptors_posix.cpp:969 (libtsan.so.0+0x605b8)
    #1 ft_init_philo /mnt/c/Users/salva/Downloads/philo/philo.c:74 (philo+0x22f7)
    #2 main /mnt/c/Users/salva/Downloads/philo/philo.c:103 (philo+0x25d9)

  Thread T1 (tid=14406, running) created by main thread at:
    #0 pthread_create ../../../../src/libsanitizer/tsan/tsan_interceptors_posix.cpp:969 (libtsan.so.0+0x605b8)
    #1 ft_init_philo /mnt/c/Users/salva/Downloads/philo/philo.c:74 (philo+0x22f7)
    #2 main /mnt/c/Users/salva/Downloads/philo/philo.c:103 (philo+0x25d9)

  Thread T2 (tid=14407, running) created by main thread at:
    #0 pthread_create ../../../../src/libsanitizer/tsan/tsan_interceptors_posix.cpp:969 (libtsan.so.0+0x605b8)
    #1 ft_init_philo /mnt/c/Users/salva/Downloads/philo/philo.c:74 (philo+0x22f7)
    #2 main /mnt/c/Users/salva/Downloads/philo/philo.c:103 (philo+0x25d9)

SUMMARY: ThreadSanitizer: lock-order-inversion (potential deadlock) /mnt/c/Users/salva/Downloads/philo/philo.c:48 in ft_philo
==================
==================
WARNING: ThreadSanitizer: data race (pid=14404)
  Read of size 1 at 0x7ffcedaa85f0 by thread T2 (mutexes: write M11):
    #0 ft_print /mnt/c/Users/salva/Downloads/philo/platon.c:58 (philo+0x28b7)
    #1 ft_philo /mnt/c/Users/salva/Downloads/philo/philo.c:56 (philo+0x214d)

  Previous write of size 1 at 0x7ffcedaa85f0 by main thread (mutexes: write M10):
    #0 ft_kill /mnt/c/Users/salva/Downloads/philo/platon.c:73 (philo+0x29fd)
    #1 ft_dead_philo /mnt/c/Users/salva/Downloads/philo/philo.c:24 (philo+0x1dc5)
    #2 ft_init_philo /mnt/c/Users/salva/Downloads/philo/philo.c:81 (philo+0x236b)
    #3 main /mnt/c/Users/salva/Downloads/philo/philo.c:103 (philo+0x25d9)

  Location is stack of main thread.

  Location is global '<null>' at 0x000000000000 ([stack]+0x00000001e5f0)

  Mutex M11 (0x7ffcedaa8530) created at:
    #0 pthread_mutex_lock ../../../../src/libsanitizer/sanitizer_common/sanitizer_common_interceptors.inc:4240 (libtsan.so.0+0x53908)
    #1 ft_print /mnt/c/Users/salva/Downloads/philo/platon.c:57 (philo+0x2874)
    #2 ft_philo /mnt/c/Users/salva/Downloads/philo/philo.c:47 (philo+0x1f79)

  Mutex M10 (0x7ffcedaa8558) created at:
    #0 pthread_mutex_lock ../../../../src/libsanitizer/sanitizer_common/sanitizer_common_interceptors.inc:4240 (libtsan.so.0+0x53908)
    #1 ft_is_dead /mnt/c/Users/salva/Downloads/philo/platon.c:20 (philo+0x2652)
    #2 ft_philo /mnt/c/Users/salva/Downloads/philo/philo.c:44 (philo+0x2235)

  Thread T2 (tid=14407, running) created by main thread at:
    #0 pthread_create ../../../../src/libsanitizer/tsan/tsan_interceptors_posix.cpp:969 (libtsan.so.0+0x605b8)
    #1 ft_init_philo /mnt/c/Users/salva/Downloads/philo/philo.c:74 (philo+0x22f7)
    #2 main /mnt/c/Users/salva/Downloads/philo/philo.c:103 (philo+0x25d9)

SUMMARY: ThreadSanitizer: data race /mnt/c/Users/salva/Downloads/philo/platon.c:58 in ft_print
==================
ThreadSanitizer: reported 2 warnings
